Using pre-set license

 COMMAND LINE ARGUMENTS:
/Applications/Unity/Unity.app/Contents/MacOS/Unity
-adb2
-batchMode
-noUpm
-name
AssetImportWorker0
-projectPath
/Users/game1-21/Galaga clone
-logFile
Logs/AssetImportWorker0.log
-srvPort
60281
Successfully changed project path to: /Users/game1-21/Galaga clone
/Users/game1-21/Galaga clone
Using Asset Import Pipeline V2.
Refreshing native plugins compatible for Editor in 84.43 ms, found 2 plugins.
Preloading 0 native plugins for Editor in 0.00 ms.
Initialize engine version: 2021.1.6f1 (c0fade0cc7e9)
[Subsystems] Discovering subsystems at path /Applications/Unity/Unity.app/Contents/Resources/UnitySubsystems
[Subsystems] Discovering subsystems at path /Users/game1-21/Galaga clone/Assets
GfxDevice: creating device client; threaded=0; jobified=0
2022-12-23 08:24:15.571 Unity[30359:5603186] iMac preferred device: AMD Radeon Pro 5300 (high power)
2022-12-23 08:24:15.571 Unity[30359:5603186] Metal devices available: 1
2022-12-23 08:24:15.571 Unity[30359:5603186] 0: AMD Radeon Pro 5300 (high power)
2022-12-23 08:24:15.572 Unity[30359:5603186] Using device AMD Radeon Pro 5300 (high power)
Initializing Metal device caps: AMD Radeon Pro 5300
Initialize mono
Mono path[0] = '/Applications/Unity/Unity.app/Contents/Managed'
Mono path[1] = '/Applications/Unity/Unity.app/Contents/MonoBleedingEdge/lib/mono/unityjit'
Mono config path = '/Applications/Unity/Unity.app/Contents/MonoBleedingEdge/etc'
Using monoOptions --debugger-agent=transport=dt_socket,embedding=1,server=y,suspend=n,address=127.0.0.1:56359
Begin MonoManager ReloadAssembly
Registering precompiled unity dll's ...
Register platform support module: /Applications/Unity/Unity.app/Contents/PlaybackEngines/MacStandaloneSupport/UnityEditor.OSXStandalone.Extensions.dll
Registered in 0.000475 seconds.
Native extension for OSXStandalone target not found
Refreshing native plugins compatible for Editor in 77.48 ms, found 2 plugins.
Preloading 0 native plugins for Editor in 0.00 ms.
Mono: successfully reloaded assembly
- Completed reload, in  2.195 seconds
Platform modules already initialized, skipping
Registering precompiled user dll's ...
Registered in 0.001784 seconds.
Begin MonoManager ReloadAssembly
Native extension for OSXStandalone target not found
Refreshing native plugins compatible for Editor in 78.55 ms, found 2 plugins.
Preloading 0 native plugins for Editor in 0.00 ms.
Mono: successfully reloaded assembly
- Completed reload, in  1.230 seconds
Platform modules already initialized, skipping
========================================================================
Worker process is ready to serve import requests
Launching external process: /Applications/Unity/Unity.app/Contents/Tools/UnityShaderCompiler
Launched and connected shader compiler UnityShaderCompiler after 0.02 seconds
Refreshing native plugins compatible for Editor in 0.57 ms, found 2 plugins.
Preloading 0 native plugins for Editor in 0.00 ms.
Unloading 3372 Unused Serialized files (Serialized files now loaded: 0)
System memory in use before: 201.8 MB.
System memory in use after: 201.9 MB.

Unloading 29 unused Assets to reduce memory usage. Loaded Objects now: 3824.
Total: 2.709425 ms (FindLiveObjects: 0.239439 ms CreateObjectMapping: 0.133411 ms MarkObjects: 2.229512 ms  DeleteObjects: 0.106307 ms)

========================================================================
Received Import Request.
  path: Assets/Scripts/PlayerControl.cs
  artifactKey: Guid(c95efcb0836ec4ff3b9c41f9a0957f80) Importer(815301076,1909f56bfc062723c751e8b465ee728b)
Start importing Assets/Scripts/PlayerControl.cs using Guid(c95efcb0836ec4ff3b9c41f9a0957f80) Importer(815301076,1909f56bfc062723c751e8b465ee728b)  -> (artifact id: '3ba41cabcf9a388f409b3f3ea1fadb41') in 0.337388 seconds 
========================================================================
Received Import Request.
  Time since last request: 405.018372 seconds.
  path: Assets/Scripts/PlayerControl.cs
  artifactKey: Guid(c95efcb0836ec4ff3b9c41f9a0957f80) Importer(815301076,1909f56bfc062723c751e8b465ee728b)
Start importing Assets/Scripts/PlayerControl.cs using Guid(c95efcb0836ec4ff3b9c41f9a0957f80) Importer(815301076,1909f56bfc062723c751e8b465ee728b)  -> (artifact id: 'decd11e53341cf086a04c47528d8aa10') in 0.008490 seconds 
========================================================================
Received Prepare
Registering precompiled user dll's ...
Registered in 0.002316 seconds.
Begin MonoManager ReloadAssembly
Native extension for OSXStandalone target not found
Refreshing native plugins compatible for Editor in 0.66 ms, found 2 plugins.
Preloading 0 native plugins for Editor in 0.00 ms.
Mono: successfully reloaded assembly
- Completed reload, in  1.047 seconds
Platform modules already initialized, skipping
Refreshing native plugins compatible for Editor in 0.61 ms, found 2 plugins.
Preloading 0 native plugins for Editor in 0.00 ms.
Unloading 3367 Unused Serialized files (Serialized files now loaded: 0)
System memory in use before: 206.5 MB.
System memory in use after: 206.6 MB.

Unloading 17 unused Assets to reduce memory usage. Loaded Objects now: 3828.
Total: 2.645984 ms (FindLiveObjects: 0.298288 ms CreateObjectMapping: 0.153151 ms MarkObjects: 2.091435 ms  DeleteObjects: 0.102493 ms)

========================================================================
Received Import Request.
  Time since last request: 151.316432 seconds.
  path: Assets/Scripts/PlayerControl.cs
  artifactKey: Guid(c95efcb0836ec4ff3b9c41f9a0957f80) Importer(815301076,1909f56bfc062723c751e8b465ee728b)
Start importing Assets/Scripts/PlayerControl.cs using Guid(c95efcb0836ec4ff3b9c41f9a0957f80) Importer(815301076,1909f56bfc062723c751e8b465ee728b)  -> (artifact id: '8b221026d907afce049590b893bddeef') in 0.005244 seconds 
========================================================================
Received Import Request.
  Time since last request: 10.732222 seconds.
  path: Assets/Prefabs/bullet.prefab
  artifactKey: Guid(568a5ac079ca44473ae0d25589762a67) Importer(815301076,1909f56bfc062723c751e8b465ee728b)
Start importing Assets/Prefabs/bullet.prefab using Guid(568a5ac079ca44473ae0d25589762a67) Importer(815301076,1909f56bfc062723c751e8b465ee728b)  -> (artifact id: '8b1c4f73b93a91e105993da7bee58754') in 1.098358 seconds 
========================================================================
Received Import Request.
  Time since last request: 12.817740 seconds.
  path: Assets/Scripts/PlayerControl.cs
  artifactKey: Guid(c95efcb0836ec4ff3b9c41f9a0957f80) Importer(815301076,1909f56bfc062723c751e8b465ee728b)
Start importing Assets/Scripts/PlayerControl.cs using Guid(c95efcb0836ec4ff3b9c41f9a0957f80) Importer(815301076,1909f56bfc062723c751e8b465ee728b)  -> (artifact id: '45a8f57f9775a75f9481c3fb80ebcd54') in 0.005180 seconds 
========================================================================
Received Prepare
Registering precompiled user dll's ...
Registered in 0.002739 seconds.
Begin MonoManager ReloadAssembly
Native extension for OSXStandalone target not found
Refreshing native plugins compatible for Editor in 0.58 ms, found 2 plugins.
Preloading 0 native plugins for Editor in 0.00 ms.
Mono: successfully reloaded assembly
- Completed reload, in  1.025 seconds
Platform modules already initialized, skipping
Refreshing native plugins compatible for Editor in 0.56 ms, found 2 plugins.
Preloading 0 native plugins for Editor in 0.00 ms.
Unloading 3367 Unused Serialized files (Serialized files now loaded: 0)
System memory in use before: 215.0 MB.
System memory in use after: 215.1 MB.

Unloading 17 unused Assets to reduce memory usage. Loaded Objects now: 3839.
Total: 2.421926 ms (FindLiveObjects: 0.299667 ms CreateObjectMapping: 0.125689 ms MarkObjects: 1.917060 ms  DeleteObjects: 0.078988 ms)

========================================================================
Received Prepare
Registering precompiled user dll's ...
Registered in 0.001619 seconds.
Begin MonoManager ReloadAssembly
Native extension for OSXStandalone target not found
Refreshing native plugins compatible for Editor in 0.56 ms, found 2 plugins.
Preloading 0 native plugins for Editor in 0.00 ms.
Mono: successfully reloaded assembly
- Completed reload, in  1.006 seconds
Platform modules already initialized, skipping
Refreshing native plugins compatible for Editor in 0.55 ms, found 2 plugins.
Preloading 0 native plugins for Editor in 0.00 ms.
Unloading 3367 Unused Serialized files (Serialized files now loaded: 0)
System memory in use before: 215.3 MB.
System memory in use after: 215.4 MB.

Unloading 17 unused Assets to reduce memory usage. Loaded Objects now: 3843.
Total: 2.461944 ms (FindLiveObjects: 0.234884 ms CreateObjectMapping: 0.107859 ms MarkObjects: 1.990672 ms  DeleteObjects: 0.127931 ms)

========================================================================
Received Prepare
Registering precompiled user dll's ...
Registered in 0.002621 seconds.
Begin MonoManager ReloadAssembly
Native extension for OSXStandalone target not found
Refreshing native plugins compatible for Editor in 0.56 ms, found 2 plugins.
Preloading 0 native plugins for Editor in 0.00 ms.
Mono: successfully reloaded assembly
- Completed reload, in  0.963 seconds
Platform modules already initialized, skipping
Refreshing native plugins compatible for Editor in 0.66 ms, found 2 plugins.
Preloading 0 native plugins for Editor in 0.00 ms.
Unloading 3367 Unused Serialized files (Serialized files now loaded: 0)
System memory in use before: 215.5 MB.
System memory in use after: 215.6 MB.

Unloading 17 unused Assets to reduce memory usage. Loaded Objects now: 3847.
Total: 2.386658 ms (FindLiveObjects: 0.236487 ms CreateObjectMapping: 0.120737 ms MarkObjects: 1.940652 ms  DeleteObjects: 0.088039 ms)

========================================================================
Received Prepare
Registering precompiled user dll's ...
Registered in 0.005004 seconds.
Begin MonoManager ReloadAssembly
Native extension for OSXStandalone target not found
Refreshing native plugins compatible for Editor in 0.56 ms, found 2 plugins.
Preloading 0 native plugins for Editor in 0.00 ms.
Mono: successfully reloaded assembly
- Completed reload, in  1.093 seconds
Platform modules already initialized, skipping
Refreshing native plugins compatible for Editor in 0.56 ms, found 2 plugins.
Preloading 0 native plugins for Editor in 0.00 ms.
Unloading 3367 Unused Serialized files (Serialized files now loaded: 0)
System memory in use before: 215.7 MB.
System memory in use after: 215.8 MB.

Unloading 17 unused Assets to reduce memory usage. Loaded Objects now: 3851.
Total: 2.847762 ms (FindLiveObjects: 0.229443 ms CreateObjectMapping: 0.112154 ms MarkObjects: 2.372906 ms  DeleteObjects: 0.132391 ms)

========================================================================
Received Prepare
Registering precompiled user dll's ...
Registered in 0.001597 seconds.
Begin MonoManager ReloadAssembly
Native extension for OSXStandalone target not found
Refreshing native plugins compatible for Editor in 0.57 ms, found 2 plugins.
Preloading 0 native plugins for Editor in 0.00 ms.
Mono: successfully reloaded assembly
- Completed reload, in  1.006 seconds
Platform modules already initialized, skipping
Refreshing native plugins compatible for Editor in 0.58 ms, found 2 plugins.
Preloading 0 native plugins for Editor in 0.00 ms.
Unloading 3367 Unused Serialized files (Serialized files now loaded: 0)
System memory in use before: 215.9 MB.
System memory in use after: 216.0 MB.

Unloading 17 unused Assets to reduce memory usage. Loaded Objects now: 3855.
Total: 2.273418 ms (FindLiveObjects: 0.260687 ms CreateObjectMapping: 0.135205 ms MarkObjects: 1.790574 ms  DeleteObjects: 0.086243 ms)

========================================================================
Received Import Request.
  Time since last request: 502.358121 seconds.
  path: Assets/Scripts/PlayerControl.cs
  artifactKey: Guid(c95efcb0836ec4ff3b9c41f9a0957f80) Importer(815301076,1909f56bfc062723c751e8b465ee728b)
Start importing Assets/Scripts/PlayerControl.cs using Guid(c95efcb0836ec4ff3b9c41f9a0957f80) Importer(815301076,1909f56bfc062723c751e8b465ee728b)  -> (artifact id: '42ff31bf3a30ed16e37ed0722f3f6702') in 0.007984 seconds 
========================================================================
Received Import Request.
  Time since last request: 26.946433 seconds.
  path: Assets/Scripts/PlayerControl.cs
  artifactKey: Guid(c95efcb0836ec4ff3b9c41f9a0957f80) Importer(815301076,1909f56bfc062723c751e8b465ee728b)
Start importing Assets/Scripts/PlayerControl.cs using Guid(c95efcb0836ec4ff3b9c41f9a0957f80) Importer(815301076,1909f56bfc062723c751e8b465ee728b)  -> (artifact id: '1c0c29ea3481906dd53d266a9ecf7d02') in 0.004581 seconds 
========================================================================
Received Prepare
Registering precompiled user dll's ...
Registered in 0.001604 seconds.
Begin MonoManager ReloadAssembly
Native extension for OSXStandalone target not found
Refreshing native plugins compatible for Editor in 0.73 ms, found 2 plugins.
Preloading 0 native plugins for Editor in 0.00 ms.
Mono: successfully reloaded assembly
- Completed reload, in  0.972 seconds
Platform modules already initialized, skipping
Refreshing native plugins compatible for Editor in 0.56 ms, found 2 plugins.
Preloading 0 native plugins for Editor in 0.00 ms.
Unloading 3367 Unused Serialized files (Serialized files now loaded: 0)
System memory in use before: 216.1 MB.
System memory in use after: 216.2 MB.

Unloading 17 unused Assets to reduce memory usage. Loaded Objects now: 3859.
Total: 2.169276 ms (FindLiveObjects: 0.235048 ms CreateObjectMapping: 0.155360 ms MarkObjects: 1.701807 ms  DeleteObjects: 0.076481 ms)

========================================================================
Received Import Request.
  Time since last request: 10.124140 seconds.
  path: Assets/Scenes/SampleScene.unity
  artifactKey: Guid(2cda990e2423bbf4892e6590ba056729) Importer(815301076,1909f56bfc062723c751e8b465ee728b)
Start importing Assets/Scenes/SampleScene.unity using Guid(2cda990e2423bbf4892e6590ba056729) Importer(815301076,1909f56bfc062723c751e8b465ee728b)  -> (artifact id: '4d332959f070174a47b8e799979e70ed') in 0.011748 seconds 
========================================================================
Received Prepare
Registering precompiled user dll's ...
Registered in 0.001878 seconds.
Begin MonoManager ReloadAssembly
Native extension for OSXStandalone target not found
Refreshing native plugins compatible for Editor in 0.58 ms, found 2 plugins.
Preloading 0 native plugins for Editor in 0.00 ms.
Mono: successfully reloaded assembly
- Completed reload, in  0.961 seconds
Platform modules already initialized, skipping
Refreshing native plugins compatible for Editor in 0.56 ms, found 2 plugins.
Preloading 0 native plugins for Editor in 0.00 ms.
Unloading 3367 Unused Serialized files (Serialized files now loaded: 0)
System memory in use before: 216.3 MB.
System memory in use after: 216.5 MB.

Unloading 17 unused Assets to reduce memory usage. Loaded Objects now: 3863.
Total: 2.105291 ms (FindLiveObjects: 0.236973 ms CreateObjectMapping: 0.133762 ms MarkObjects: 1.658109 ms  DeleteObjects: 0.075783 ms)

========================================================================
Received Prepare
Registering precompiled user dll's ...
Registered in 0.005706 seconds.
Begin MonoManager ReloadAssembly
Native extension for OSXStandalone target not found
Refreshing native plugins compatible for Editor in 0.70 ms, found 2 plugins.
Preloading 0 native plugins for Editor in 0.00 ms.
Mono: successfully reloaded assembly
- Completed reload, in  1.019 seconds
Platform modules already initialized, skipping
Refreshing native plugins compatible for Editor in 0.56 ms, found 2 plugins.
Preloading 0 native plugins for Editor in 0.00 ms.
Unloading 3367 Unused Serialized files (Serialized files now loaded: 0)
System memory in use before: 216.6 MB.
System memory in use after: 216.7 MB.

Unloading 17 unused Assets to reduce memory usage. Loaded Objects now: 3867.
Total: 2.177369 ms (FindLiveObjects: 0.260252 ms CreateObjectMapping: 0.120343 ms MarkObjects: 1.712880 ms  DeleteObjects: 0.083211 ms)

========================================================================
Received Prepare
Registering precompiled user dll's ...
Registered in 0.001571 seconds.
Begin MonoManager ReloadAssembly
Native extension for OSXStandalone target not found
Refreshing native plugins compatible for Editor in 0.56 ms, found 2 plugins.
Preloading 0 native plugins for Editor in 0.00 ms.
Mono: successfully reloaded assembly
- Completed reload, in  0.978 seconds
Platform modules already initialized, skipping
Refreshing native plugins compatible for Editor in 0.54 ms, found 2 plugins.
Preloading 0 native plugins for Editor in 0.00 ms.
Unloading 3367 Unused Serialized files (Serialized files now loaded: 0)
System memory in use before: 216.8 MB.
System memory in use after: 216.9 MB.

Unloading 17 unused Assets to reduce memory usage. Loaded Objects now: 3871.
Total: 2.457201 ms (FindLiveObjects: 0.256689 ms CreateObjectMapping: 0.290622 ms MarkObjects: 1.823311 ms  DeleteObjects: 0.085814 ms)

========================================================================
Received Prepare
Registering precompiled user dll's ...
Registered in 0.002332 seconds.
Begin MonoManager ReloadAssembly
Native extension for OSXStandalone target not found
Refreshing native plugins compatible for Editor in 0.59 ms, found 2 plugins.
Preloading 0 native plugins for Editor in 0.00 ms.
Mono: successfully reloaded assembly
- Completed reload, in  0.979 seconds
Platform modules already initialized, skipping
Script error: OnCollisionEnter2D
This message parameter has to be of type: Collision2D
The message will be ignored.

Refreshing native plugins compatible for Editor in 0.55 ms, found 2 plugins.
Preloading 0 native plugins for Editor in 0.00 ms.
Unloading 3367 Unused Serialized files (Serialized files now loaded: 0)
System memory in use before: 217.1 MB.
System memory in use after: 217.2 MB.

Unloading 17 unused Assets to reduce memory usage. Loaded Objects now: 3875.
Total: 2.091408 ms (FindLiveObjects: 0.232487 ms CreateObjectMapping: 0.120355 ms MarkObjects: 1.654844 ms  DeleteObjects: 0.083081 ms)

========================================================================
Received Import Request.
  Time since last request: 627.018718 seconds.
  path: Assets/Scripts/Bullet.cs
  artifactKey: Guid(591cf27ef22d9438b8d6a064f4bbec29) Importer(815301076,1909f56bfc062723c751e8b465ee728b)
Start importing Assets/Scripts/Bullet.cs using Guid(591cf27ef22d9438b8d6a064f4bbec29) Importer(815301076,1909f56bfc062723c751e8b465ee728b)  -> (artifact id: '03738eae57ddbeab93acba2762ed9246') in 0.006991 seconds 
========================================================================
Received Prepare
Registering precompiled user dll's ...
Registered in 0.001578 seconds.
Begin MonoManager ReloadAssembly
Native extension for OSXStandalone target not found
Refreshing native plugins compatible for Editor in 0.62 ms, found 2 plugins.
Preloading 0 native plugins for Editor in 0.00 ms.
Mono: successfully reloaded assembly
- Completed reload, in  1.023 seconds
Platform modules already initialized, skipping
Script error: OnCollisionEnter2D
This message parameter has to be of type: Collision2D
The message will be ignored.

Refreshing native plugins compatible for Editor in 0.54 ms, found 2 plugins.
Preloading 0 native plugins for Editor in 0.00 ms.
Unloading 3367 Unused Serialized files (Serialized files now loaded: 0)
System memory in use before: 217.4 MB.
System memory in use after: 217.5 MB.

Unloading 17 unused Assets to reduce memory usage. Loaded Objects now: 3879.
Total: 2.338155 ms (FindLiveObjects: 0.282510 ms CreateObjectMapping: 0.150638 ms MarkObjects: 1.821013 ms  DeleteObjects: 0.083384 ms)

========================================================================
Received Import Request.
  Time since last request: 36.827440 seconds.
  path: Assets/Scripts/Bullet.cs
  artifactKey: Guid(591cf27ef22d9438b8d6a064f4bbec29) Importer(815301076,1909f56bfc062723c751e8b465ee728b)
Start importing Assets/Scripts/Bullet.cs using Guid(591cf27ef22d9438b8d6a064f4bbec29) Importer(815301076,1909f56bfc062723c751e8b465ee728b)  -> (artifact id: '2dd8ee28e0ced4a75eae11fb1a95ccbf') in 0.007278 seconds 
========================================================================
Received Prepare
Registering precompiled user dll's ...
Registered in 0.002644 seconds.
Begin MonoManager ReloadAssembly
Native extension for OSXStandalone target not found
Refreshing native plugins compatible for Editor in 1.04 ms, found 2 plugins.
Preloading 0 native plugins for Editor in 0.00 ms.
Mono: successfully reloaded assembly
- Completed reload, in  1.046 seconds
Platform modules already initialized, skipping
Script error: OnCollisionEnter2D
This message parameter has to be of type: Collision2D
The message will be ignored.

Refreshing native plugins compatible for Editor in 0.67 ms, found 2 plugins.
Preloading 0 native plugins for Editor in 0.00 ms.
Unloading 3367 Unused Serialized files (Serialized files now loaded: 0)
System memory in use before: 217.6 MB.
System memory in use after: 217.7 MB.

Unloading 17 unused Assets to reduce memory usage. Loaded Objects now: 3883.
Total: 2.245531 ms (FindLiveObjects: 0.277978 ms CreateObjectMapping: 0.138401 ms MarkObjects: 1.740773 ms  DeleteObjects: 0.087604 ms)

========================================================================
Received Prepare
Registering precompiled user dll's ...
Registered in 0.002393 seconds.
Begin MonoManager ReloadAssembly
Native extension for OSXStandalone target not found
Refreshing native plugins compatible for Editor in 0.64 ms, found 2 plugins.
Preloading 0 native plugins for Editor in 0.00 ms.
Mono: successfully reloaded assembly
- Completed reload, in  1.017 seconds
Platform modules already initialized, skipping
Refreshing native plugins compatible for Editor in 0.57 ms, found 2 plugins.
Preloading 0 native plugins for Editor in 0.00 ms.
Unloading 3367 Unused Serialized files (Serialized files now loaded: 0)
System memory in use before: 217.7 MB.
System memory in use after: 217.8 MB.

Unloading 17 unused Assets to reduce memory usage. Loaded Objects now: 3887.
Total: 2.430535 ms (FindLiveObjects: 0.403849 ms CreateObjectMapping: 0.189959 ms MarkObjects: 1.754972 ms  DeleteObjects: 0.080960 ms)

========================================================================
Received Prepare
Registering precompiled user dll's ...
Registered in 0.001631 seconds.
Begin MonoManager ReloadAssembly
Native extension for OSXStandalone target not found
Refreshing native plugins compatible for Editor in 0.56 ms, found 2 plugins.
Preloading 0 native plugins for Editor in 0.00 ms.
Mono: successfully reloaded assembly
- Completed reload, in  0.983 seconds
Platform modules already initialized, skipping
Refreshing native plugins compatible for Editor in 0.53 ms, found 2 plugins.
Preloading 0 native plugins for Editor in 0.00 ms.
Unloading 3367 Unused Serialized files (Serialized files now loaded: 0)
System memory in use before: 217.9 MB.
System memory in use after: 218.0 MB.

Unloading 17 unused Assets to reduce memory usage. Loaded Objects now: 3891.
Total: 2.233079 ms (FindLiveObjects: 0.237963 ms CreateObjectMapping: 0.138210 ms MarkObjects: 1.781730 ms  DeleteObjects: 0.074594 ms)

========================================================================
Received Prepare
Registering precompiled user dll's ...
Registered in 0.001784 seconds.
Begin MonoManager ReloadAssembly
Native extension for OSXStandalone target not found
Refreshing native plugins compatible for Editor in 0.56 ms, found 2 plugins.
Preloading 0 native plugins for Editor in 0.00 ms.
Mono: successfully reloaded assembly
- Completed reload, in  0.985 seconds
Platform modules already initialized, skipping
Refreshing native plugins compatible for Editor in 0.51 ms, found 2 plugins.
Preloading 0 native plugins for Editor in 0.00 ms.
Unloading 3367 Unused Serialized files (Serialized files now loaded: 0)
System memory in use before: 218.1 MB.
System memory in use after: 218.2 MB.

Unloading 17 unused Assets to reduce memory usage. Loaded Objects now: 3895.
Total: 2.104443 ms (FindLiveObjects: 0.223387 ms CreateObjectMapping: 0.122585 ms MarkObjects: 1.644493 ms  DeleteObjects: 0.113374 ms)

========================================================================
Received Prepare
Registering precompiled user dll's ...
Registered in 0.002212 seconds.
Begin MonoManager ReloadAssembly
Native extension for OSXStandalone target not found
Refreshing native plugins compatible for Editor in 0.62 ms, found 2 plugins.
Preloading 0 native plugins for Editor in 0.00 ms.
Mono: successfully reloaded assembly
- Completed reload, in  0.973 seconds
Platform modules already initialized, skipping
Refreshing native plugins compatible for Editor in 0.55 ms, found 2 plugins.
Preloading 0 native plugins for Editor in 0.00 ms.
Unloading 3367 Unused Serialized files (Serialized files now loaded: 0)
System memory in use before: 218.3 MB.
System memory in use after: 218.4 MB.

Unloading 17 unused Assets to reduce memory usage. Loaded Objects now: 3899.
Total: 2.095397 ms (FindLiveObjects: 0.231086 ms CreateObjectMapping: 0.121059 ms MarkObjects: 1.669056 ms  DeleteObjects: 0.073566 ms)

========================================================================
Received Prepare
Registering precompiled user dll's ...
Registered in 0.001588 seconds.
Begin MonoManager ReloadAssembly
Native extension for OSXStandalone target not found
Refreshing native plugins compatible for Editor in 0.58 ms, found 2 plugins.
Preloading 0 native plugins for Editor in 0.00 ms.
Mono: successfully reloaded assembly
- Completed reload, in  0.978 seconds
Platform modules already initialized, skipping
Refreshing native plugins compatible for Editor in 0.54 ms, found 2 plugins.
Preloading 0 native plugins for Editor in 0.00 ms.
Unloading 3367 Unused Serialized files (Serialized files now loaded: 0)
System memory in use before: 218.5 MB.
System memory in use after: 218.6 MB.

Unloading 17 unused Assets to reduce memory usage. Loaded Objects now: 3903.
Total: 2.420449 ms (FindLiveObjects: 0.246510 ms CreateObjectMapping: 0.120148 ms MarkObjects: 1.969492 ms  DeleteObjects: 0.083578 ms)

========================================================================
Received Prepare
Registering precompiled user dll's ...
Registered in 0.001739 seconds.
Begin MonoManager ReloadAssembly
Native extension for OSXStandalone target not found
Refreshing native plugins compatible for Editor in 0.56 ms, found 2 plugins.
Preloading 0 native plugins for Editor in 0.00 ms.
Mono: successfully reloaded assembly
- Completed reload, in  0.997 seconds
Platform modules already initialized, skipping
Refreshing native plugins compatible for Editor in 0.63 ms, found 2 plugins.
Preloading 0 native plugins for Editor in 0.00 ms.
Unloading 3367 Unused Serialized files (Serialized files now loaded: 0)
System memory in use before: 218.7 MB.
System memory in use after: 218.8 MB.

Unloading 17 unused Assets to reduce memory usage. Loaded Objects now: 3907.
Total: 2.205983 ms (FindLiveObjects: 0.237373 ms CreateObjectMapping: 0.156096 ms MarkObjects: 1.735553 ms  DeleteObjects: 0.076239 ms)

========================================================================
Received Import Request.
  Time since last request: 518.637108 seconds.
  path: Assets/Prefabs/bullet.prefab
  artifactKey: Guid(568a5ac079ca44473ae0d25589762a67) Importer(815301076,1909f56bfc062723c751e8b465ee728b)
Start importing Assets/Prefabs/bullet.prefab using Guid(568a5ac079ca44473ae0d25589762a67) Importer(815301076,1909f56bfc062723c751e8b465ee728b)  -> (artifact id: '493e270597b89bfb3201472772a1f19d') in 0.057589 seconds 
========================================================================
Received Prepare
Registering precompiled user dll's ...
Registered in 0.001777 seconds.
Begin MonoManager ReloadAssembly
Native extension for OSXStandalone target not found
Refreshing native plugins compatible for Editor in 0.55 ms, found 2 plugins.
Preloading 0 native plugins for Editor in 0.00 ms.
Mono: successfully reloaded assembly
- Completed reload, in  0.986 seconds
Platform modules already initialized, skipping
Refreshing native plugins compatible for Editor in 0.54 ms, found 2 plugins.
Preloading 0 native plugins for Editor in 0.00 ms.
Unloading 3367 Unused Serialized files (Serialized files now loaded: 0)
System memory in use before: 219.0 MB.
System memory in use after: 219.1 MB.

Unloading 17 unused Assets to reduce memory usage. Loaded Objects now: 3912.
Total: 2.072045 ms (FindLiveObjects: 0.237028 ms CreateObjectMapping: 0.117832 ms MarkObjects: 1.641484 ms  DeleteObjects: 0.074934 ms)

========================================================================
Received Import Request.
  Time since last request: 59.056743 seconds.
  path: ProjectSettings/TagManager.asset
  artifactKey: Guid(00000000000000003000000000000000) Importer(815301076,1909f56bfc062723c751e8b465ee728b)
Start importing ProjectSettings/TagManager.asset using Guid(00000000000000003000000000000000) Importer(815301076,1909f56bfc062723c751e8b465ee728b)  -> (artifact id: '95df672b4aaba54310d34c83eef51bb8') in 0.284450 seconds 
========================================================================
Received Prepare
Registering precompiled user dll's ...
Registered in 0.001765 seconds.
Begin MonoManager ReloadAssembly
Native extension for OSXStandalone target not found
Refreshing native plugins compatible for Editor in 0.55 ms, found 2 plugins.
Preloading 0 native plugins for Editor in 0.00 ms.
Mono: successfully reloaded assembly
- Completed reload, in  0.988 seconds
Platform modules already initialized, skipping
Refreshing native plugins compatible for Editor in 0.54 ms, found 2 plugins.
Preloading 0 native plugins for Editor in 0.00 ms.
Unloading 3367 Unused Serialized files (Serialized files now loaded: 0)
System memory in use before: 223.4 MB.
System memory in use after: 223.5 MB.

Unloading 18 unused Assets to reduce memory usage. Loaded Objects now: 3916.
Total: 2.485956 ms (FindLiveObjects: 0.224868 ms CreateObjectMapping: 0.107494 ms MarkObjects: 2.044980 ms  DeleteObjects: 0.108049 ms)

========================================================================
Received Prepare
Registering precompiled user dll's ...
Registered in 0.001614 seconds.
Begin MonoManager ReloadAssembly
Native extension for OSXStandalone target not found
Refreshing native plugins compatible for Editor in 0.51 ms, found 2 plugins.
Preloading 0 native plugins for Editor in 0.00 ms.
Mono: successfully reloaded assembly
- Completed reload, in  0.971 seconds
Platform modules already initialized, skipping
Refreshing native plugins compatible for Editor in 0.52 ms, found 2 plugins.
Preloading 0 native plugins for Editor in 0.00 ms.
Unloading 3367 Unused Serialized files (Serialized files now loaded: 0)
System memory in use before: 223.6 MB.
System memory in use after: 223.7 MB.

Unloading 17 unused Assets to reduce memory usage. Loaded Objects now: 3920.
Total: 2.061519 ms (FindLiveObjects: 0.223854 ms CreateObjectMapping: 0.103985 ms MarkObjects: 1.659382 ms  DeleteObjects: 0.073718 ms)

========================================================================
Received Prepare
Registering precompiled user dll's ...
Registered in 0.001643 seconds.
Begin MonoManager ReloadAssembly
Native extension for OSXStandalone target not found
Refreshing native plugins compatible for Editor in 0.55 ms, found 2 plugins.
Preloading 0 native plugins for Editor in 0.00 ms.
Mono: successfully reloaded assembly
- Completed reload, in  0.975 seconds
Platform modules already initialized, skipping
Refreshing native plugins compatible for Editor in 0.54 ms, found 2 plugins.
Preloading 0 native plugins for Editor in 0.00 ms.
Unloading 3367 Unused Serialized files (Serialized files now loaded: 0)
System memory in use before: 223.8 MB.
System memory in use after: 223.9 MB.

Unloading 17 unused Assets to reduce memory usage. Loaded Objects now: 3924.
Total: 2.872640 ms (FindLiveObjects: 0.391548 ms CreateObjectMapping: 0.249058 ms MarkObjects: 2.153806 ms  DeleteObjects: 0.077628 ms)

========================================================================
Received Prepare
Registering precompiled user dll's ...
Registered in 0.001688 seconds.
Begin MonoManager ReloadAssembly
Native extension for OSXStandalone target not found
Refreshing native plugins compatible for Editor in 0.57 ms, found 2 plugins.
Preloading 0 native plugins for Editor in 0.00 ms.
Mono: successfully reloaded assembly
- Completed reload, in  0.989 seconds
Platform modules already initialized, skipping
Refreshing native plugins compatible for Editor in 0.55 ms, found 2 plugins.
Preloading 0 native plugins for Editor in 0.00 ms.
Unloading 3367 Unused Serialized files (Serialized files now loaded: 0)
System memory in use before: 224.0 MB.
System memory in use after: 224.1 MB.

Unloading 17 unused Assets to reduce memory usage. Loaded Objects now: 3928.
Total: 2.211018 ms (FindLiveObjects: 0.248200 ms CreateObjectMapping: 0.111941 ms MarkObjects: 1.773356 ms  DeleteObjects: 0.076947 ms)

========================================================================
Received Prepare
Registering precompiled user dll's ...
Registered in 0.001575 seconds.
Begin MonoManager ReloadAssembly
Native extension for OSXStandalone target not found
Refreshing native plugins compatible for Editor in 0.56 ms, found 2 plugins.
Preloading 0 native plugins for Editor in 0.00 ms.
Mono: successfully reloaded assembly
- Completed reload, in  1.002 seconds
Platform modules already initialized, skipping
Refreshing native plugins compatible for Editor in 0.62 ms, found 2 plugins.
Preloading 0 native plugins for Editor in 0.00 ms.
Unloading 3367 Unused Serialized files (Serialized files now loaded: 0)
System memory in use before: 224.3 MB.
System memory in use after: 224.4 MB.

Unloading 17 unused Assets to reduce memory usage. Loaded Objects now: 3932.
Total: 2.112255 ms (FindLiveObjects: 0.221228 ms CreateObjectMapping: 0.100850 ms MarkObjects: 1.712327 ms  DeleteObjects: 0.077190 ms)

========================================================================
Received Prepare
Registering precompiled user dll's ...
Registered in 0.002586 seconds.
Begin MonoManager ReloadAssembly
Native extension for OSXStandalone target not found
Refreshing native plugins compatible for Editor in 0.57 ms, found 2 plugins.
Preloading 0 native plugins for Editor in 0.00 ms.
Mono: successfully reloaded assembly
- Completed reload, in  0.991 seconds
Platform modules already initialized, skipping
Refreshing native plugins compatible for Editor in 0.69 ms, found 2 plugins.
Preloading 0 native plugins for Editor in 0.00 ms.
Unloading 3367 Unused Serialized files (Serialized files now loaded: 0)
System memory in use before: 224.5 MB.
System memory in use after: 224.6 MB.

Unloading 17 unused Assets to reduce memory usage. Loaded Objects now: 3936.
Total: 2.522177 ms (FindLiveObjects: 0.294073 ms CreateObjectMapping: 0.148093 ms MarkObjects: 1.990498 ms  DeleteObjects: 0.088642 ms)

========================================================================
Received Prepare
Registering precompiled user dll's ...
Registered in 0.001873 seconds.
Begin MonoManager ReloadAssembly
Native extension for OSXStandalone target not found
Refreshing native plugins compatible for Editor in 0.56 ms, found 2 plugins.
Preloading 0 native plugins for Editor in 0.00 ms.
Mono: successfully reloaded assembly
- Completed reload, in  0.983 seconds
Platform modules already initialized, skipping
Refreshing native plugins compatible for Editor in 0.75 ms, found 2 plugins.
Preloading 0 native plugins for Editor in 0.00 ms.
Unloading 3367 Unused Serialized files (Serialized files now loaded: 0)
System memory in use before: 224.7 MB.
System memory in use after: 224.8 MB.

Unloading 17 unused Assets to reduce memory usage. Loaded Objects now: 3940.
Total: 3.369428 ms (FindLiveObjects: 0.516480 ms CreateObjectMapping: 0.194985 ms MarkObjects: 2.563923 ms  DeleteObjects: 0.093083 ms)

========================================================================
Received Prepare
Registering precompiled user dll's ...
Registered in 0.001881 seconds.
Begin MonoManager ReloadAssembly
Native extension for OSXStandalone target not found
Refreshing native plugins compatible for Editor in 0.55 ms, found 2 plugins.
Preloading 0 native plugins for Editor in 0.00 ms.
Mono: successfully reloaded assembly
- Completed reload, in  0.990 seconds
Platform modules already initialized, skipping
Refreshing native plugins compatible for Editor in 0.58 ms, found 2 plugins.
Preloading 0 native plugins for Editor in 0.00 ms.
Unloading 3367 Unused Serialized files (Serialized files now loaded: 0)
System memory in use before: 224.9 MB.
System memory in use after: 225.0 MB.

Unloading 17 unused Assets to reduce memory usage. Loaded Objects now: 3944.
Total: 2.262612 ms (FindLiveObjects: 0.224906 ms CreateObjectMapping: 0.107158 ms MarkObjects: 1.854739 ms  DeleteObjects: 0.075253 ms)

AssetImportWorkerClient::OnTransportError - code=2 error=End of file
