Using pre-set license

 COMMAND LINE ARGUMENTS:
/Applications/Unity/Unity.app/Contents/MacOS/Unity
-adb2
-batchMode
-noUpm
-name
AssetImportWorker0
-projectPath
/Users/game1-21/Galaga clone
-logFile
Logs/AssetImportWorker0.log
-srvPort
64818
Successfully changed project path to: /Users/game1-21/Galaga clone
/Users/game1-21/Galaga clone
Using Asset Import Pipeline V2.
Refreshing native plugins compatible for Editor in 84.67 ms, found 2 plugins.
Preloading 0 native plugins for Editor in 0.00 ms.
Initialize engine version: 2021.1.6f1 (c0fade0cc7e9)
[Subsystems] Discovering subsystems at path /Applications/Unity/Unity.app/Contents/Resources/UnitySubsystems
[Subsystems] Discovering subsystems at path /Users/game1-21/Galaga clone/Assets
GfxDevice: creating device client; threaded=0; jobified=0
2023-01-04 08:30:33.965 Unity[97332:6214171] iMac preferred device: AMD Radeon Pro 5300 (high power)
2023-01-04 08:30:33.965 Unity[97332:6214171] Metal devices available: 1
2023-01-04 08:30:33.965 Unity[97332:6214171] 0: AMD Radeon Pro 5300 (high power)
2023-01-04 08:30:33.966 Unity[97332:6214171] Using device AMD Radeon Pro 5300 (high power)
Initializing Metal device caps: AMD Radeon Pro 5300
Initialize mono
Mono path[0] = '/Applications/Unity/Unity.app/Contents/Managed'
Mono path[1] = '/Applications/Unity/Unity.app/Contents/MonoBleedingEdge/lib/mono/unityjit'
Mono config path = '/Applications/Unity/Unity.app/Contents/MonoBleedingEdge/etc'
Using monoOptions --debugger-agent=transport=dt_socket,embedding=1,server=y,suspend=n,address=127.0.0.1:56332
Begin MonoManager ReloadAssembly
Registering precompiled unity dll's ...
Register platform support module: /Applications/Unity/Unity.app/Contents/PlaybackEngines/MacStandaloneSupport/UnityEditor.OSXStandalone.Extensions.dll
Registered in 0.000451 seconds.
Native extension for OSXStandalone target not found
Refreshing native plugins compatible for Editor in 76.30 ms, found 2 plugins.
Preloading 0 native plugins for Editor in 0.00 ms.
Mono: successfully reloaded assembly
- Completed reload, in  2.175 seconds
Platform modules already initialized, skipping
Registering precompiled user dll's ...
Registered in 0.001515 seconds.
Begin MonoManager ReloadAssembly
Native extension for OSXStandalone target not found
Refreshing native plugins compatible for Editor in 83.43 ms, found 2 plugins.
Preloading 0 native plugins for Editor in 0.00 ms.
Mono: successfully reloaded assembly
- Completed reload, in  1.163 seconds
Platform modules already initialized, skipping
========================================================================
Worker process is ready to serve import requests
Launching external process: /Applications/Unity/Unity.app/Contents/Tools/UnityShaderCompiler
Launched and connected shader compiler UnityShaderCompiler after 0.02 seconds
Refreshing native plugins compatible for Editor in 0.73 ms, found 2 plugins.
Preloading 0 native plugins for Editor in 0.00 ms.
Unloading 3373 Unused Serialized files (Serialized files now loaded: 0)
System memory in use before: 201.9 MB.
System memory in use after: 202.0 MB.

Unloading 29 unused Assets to reduce memory usage. Loaded Objects now: 3825.
Total: 2.188114 ms (FindLiveObjects: 0.260857 ms CreateObjectMapping: 0.130768 ms MarkObjects: 1.698943 ms  DeleteObjects: 0.096715 ms)

========================================================================
Received Import Request.
  path: Assets/Scripts/EnemyMovement.cs
  artifactKey: Guid(48229b6b35fb844f18a0797f02df1392) Importer(815301076,1909f56bfc062723c751e8b465ee728b)
Start importing Assets/Scripts/EnemyMovement.cs using Guid(48229b6b35fb844f18a0797f02df1392) Importer(815301076,1909f56bfc062723c751e8b465ee728b)  -> (artifact id: '25565793abaa8a82992f687786594696') in 0.342829 seconds 
========================================================================
Received Prepare
Registering precompiled user dll's ...
Registered in 0.002122 seconds.
Begin MonoManager ReloadAssembly
Native extension for OSXStandalone target not found
Refreshing native plugins compatible for Editor in 0.58 ms, found 2 plugins.
Preloading 0 native plugins for Editor in 0.00 ms.
Mono: successfully reloaded assembly
- Completed reload, in  1.021 seconds
Platform modules already initialized, skipping
Refreshing native plugins compatible for Editor in 0.60 ms, found 2 plugins.
Preloading 0 native plugins for Editor in 0.00 ms.
Unloading 3368 Unused Serialized files (Serialized files now loaded: 0)
System memory in use before: 206.6 MB.
System memory in use after: 206.7 MB.

Unloading 17 unused Assets to reduce memory usage. Loaded Objects now: 3829.
Total: 2.435280 ms (FindLiveObjects: 0.285396 ms CreateObjectMapping: 0.127478 ms MarkObjects: 1.902968 ms  DeleteObjects: 0.118553 ms)

========================================================================
Received Import Request.
  Time since last request: 10.406529 seconds.
  path: Assets/Scripts/Bullet.cs
  artifactKey: Guid(591cf27ef22d9438b8d6a064f4bbec29) Importer(815301076,1909f56bfc062723c751e8b465ee728b)
Start importing Assets/Scripts/Bullet.cs using Guid(591cf27ef22d9438b8d6a064f4bbec29) Importer(815301076,1909f56bfc062723c751e8b465ee728b)  -> (artifact id: '810f67a9a9e5cc75fb8432a49711ee04') in 0.005589 seconds 
========================================================================
Received Prepare
Registering precompiled user dll's ...
Registered in 0.002442 seconds.
Begin MonoManager ReloadAssembly
Native extension for OSXStandalone target not found
Refreshing native plugins compatible for Editor in 0.55 ms, found 2 plugins.
Preloading 0 native plugins for Editor in 0.00 ms.
Mono: successfully reloaded assembly
- Completed reload, in  1.010 seconds
Platform modules already initialized, skipping
Refreshing native plugins compatible for Editor in 0.56 ms, found 2 plugins.
Preloading 0 native plugins for Editor in 0.00 ms.
Unloading 3368 Unused Serialized files (Serialized files now loaded: 0)
System memory in use before: 206.8 MB.
System memory in use after: 206.9 MB.

Unloading 17 unused Assets to reduce memory usage. Loaded Objects now: 3833.
Total: 2.356600 ms (FindLiveObjects: 0.242616 ms CreateObjectMapping: 0.115236 ms MarkObjects: 1.921851 ms  DeleteObjects: 0.076148 ms)

========================================================================
Received Import Request.
  Time since last request: 135.247654 seconds.
  path: Assets/Scripts/Bullet.cs
  artifactKey: Guid(591cf27ef22d9438b8d6a064f4bbec29) Importer(815301076,1909f56bfc062723c751e8b465ee728b)
Start importing Assets/Scripts/Bullet.cs using Guid(591cf27ef22d9438b8d6a064f4bbec29) Importer(815301076,1909f56bfc062723c751e8b465ee728b)  -> (artifact id: 'b952015a7ec31b9fd17d00a6c487b79b') in 0.007491 seconds 
========================================================================
Received Prepare
Registering precompiled user dll's ...
Registered in 0.002783 seconds.
Begin MonoManager ReloadAssembly
Native extension for OSXStandalone target not found
Refreshing native plugins compatible for Editor in 0.56 ms, found 2 plugins.
Preloading 0 native plugins for Editor in 0.00 ms.
Mono: successfully reloaded assembly
- Completed reload, in  0.977 seconds
Platform modules already initialized, skipping
Refreshing native plugins compatible for Editor in 0.58 ms, found 2 plugins.
Preloading 0 native plugins for Editor in 0.00 ms.
Unloading 3368 Unused Serialized files (Serialized files now loaded: 0)
System memory in use before: 207.1 MB.
System memory in use after: 207.2 MB.

Unloading 17 unused Assets to reduce memory usage. Loaded Objects now: 3837.
Total: 2.689132 ms (FindLiveObjects: 0.344304 ms CreateObjectMapping: 0.196098 ms MarkObjects: 2.070796 ms  DeleteObjects: 0.077169 ms)

========================================================================
Received Import Request.
  Time since last request: 30.509098 seconds.
  path: Assets/Scripts/PlayerControl.cs
  artifactKey: Guid(c95efcb0836ec4ff3b9c41f9a0957f80) Importer(815301076,1909f56bfc062723c751e8b465ee728b)
Start importing Assets/Scripts/PlayerControl.cs using Guid(c95efcb0836ec4ff3b9c41f9a0957f80) Importer(815301076,1909f56bfc062723c751e8b465ee728b)  -> (artifact id: '489ac312f651ec6fb68d6fcc179f7b9b') in 0.004863 seconds 
========================================================================
Received Prepare
Registering precompiled user dll's ...
Registered in 0.006930 seconds.
Begin MonoManager ReloadAssembly
Native extension for OSXStandalone target not found
Refreshing native plugins compatible for Editor in 0.54 ms, found 2 plugins.
Preloading 0 native plugins for Editor in 0.00 ms.
Mono: successfully reloaded assembly
- Completed reload, in  1.166 seconds
Platform modules already initialized, skipping
Refreshing native plugins compatible for Editor in 0.56 ms, found 2 plugins.
Preloading 0 native plugins for Editor in 0.00 ms.
Unloading 3368 Unused Serialized files (Serialized files now loaded: 0)
System memory in use before: 207.3 MB.
System memory in use after: 207.4 MB.

Unloading 17 unused Assets to reduce memory usage. Loaded Objects now: 3841.
Total: 2.487230 ms (FindLiveObjects: 0.410662 ms CreateObjectMapping: 0.269409 ms MarkObjects: 1.729076 ms  DeleteObjects: 0.077132 ms)

========================================================================
Received Import Request.
  Time since last request: 635.515195 seconds.
  path: Assets/Scripts/EnemyMovement.cs
  artifactKey: Guid(48229b6b35fb844f18a0797f02df1392) Importer(815301076,1909f56bfc062723c751e8b465ee728b)
Start importing Assets/Scripts/EnemyMovement.cs using Guid(48229b6b35fb844f18a0797f02df1392) Importer(815301076,1909f56bfc062723c751e8b465ee728b)  -> (artifact id: '026e5c9eacade824ba6704b08eed6ee1') in 0.005398 seconds 
========================================================================
Received Import Request.
  Time since last request: 26.701331 seconds.
  path: Assets/Scripts/EnemyMovement.cs
  artifactKey: Guid(48229b6b35fb844f18a0797f02df1392) Importer(815301076,1909f56bfc062723c751e8b465ee728b)
Start importing Assets/Scripts/EnemyMovement.cs using Guid(48229b6b35fb844f18a0797f02df1392) Importer(815301076,1909f56bfc062723c751e8b465ee728b)  -> (artifact id: '7243d4d28634ded6d58c289f07196d0b') in 0.001557 seconds 
========================================================================
Received Prepare
Registering precompiled user dll's ...
Registered in 0.002835 seconds.
Begin MonoManager ReloadAssembly
Native extension for OSXStandalone target not found
Refreshing native plugins compatible for Editor in 0.61 ms, found 2 plugins.
Preloading 0 native plugins for Editor in 0.00 ms.
Mono: successfully reloaded assembly
- Completed reload, in  1.030 seconds
Platform modules already initialized, skipping
Refreshing native plugins compatible for Editor in 0.54 ms, found 2 plugins.
Preloading 0 native plugins for Editor in 0.00 ms.
Unloading 3368 Unused Serialized files (Serialized files now loaded: 0)
System memory in use before: 207.5 MB.
System memory in use after: 207.6 MB.

Unloading 17 unused Assets to reduce memory usage. Loaded Objects now: 3845.
Total: 2.486427 ms (FindLiveObjects: 0.447539 ms CreateObjectMapping: 0.167791 ms MarkObjects: 1.791938 ms  DeleteObjects: 0.078398 ms)

========================================================================
Received Import Request.
  Time since last request: 246.834759 seconds.
  path: Assets/Scripts/EnemyMovement.cs
  artifactKey: Guid(48229b6b35fb844f18a0797f02df1392) Importer(815301076,1909f56bfc062723c751e8b465ee728b)
Start importing Assets/Scripts/EnemyMovement.cs using Guid(48229b6b35fb844f18a0797f02df1392) Importer(815301076,1909f56bfc062723c751e8b465ee728b)  -> (artifact id: '91b1ea4b3a51ccf4da85fbd23a0f6d8c') in 0.005760 seconds 
========================================================================
Received Prepare
Registering precompiled user dll's ...
Registered in 0.001766 seconds.
Begin MonoManager ReloadAssembly
Native extension for OSXStandalone target not found
Refreshing native plugins compatible for Editor in 0.55 ms, found 2 plugins.
Preloading 0 native plugins for Editor in 0.00 ms.
Mono: successfully reloaded assembly
- Completed reload, in  0.980 seconds
Platform modules already initialized, skipping
Refreshing native plugins compatible for Editor in 0.54 ms, found 2 plugins.
Preloading 0 native plugins for Editor in 0.00 ms.
Unloading 3368 Unused Serialized files (Serialized files now loaded: 0)
System memory in use before: 207.7 MB.
System memory in use after: 207.8 MB.

Unloading 17 unused Assets to reduce memory usage. Loaded Objects now: 3849.
Total: 2.305436 ms (FindLiveObjects: 0.410337 ms CreateObjectMapping: 0.124697 ms MarkObjects: 1.684242 ms  DeleteObjects: 0.085159 ms)

========================================================================
Received Prepare
Registering precompiled user dll's ...
Registered in 0.001871 seconds.
Begin MonoManager ReloadAssembly
Native extension for OSXStandalone target not found
Refreshing native plugins compatible for Editor in 0.55 ms, found 2 plugins.
Preloading 0 native plugins for Editor in 0.00 ms.
Mono: successfully reloaded assembly
- Completed reload, in  1.007 seconds
Platform modules already initialized, skipping
Refreshing native plugins compatible for Editor in 0.55 ms, found 2 plugins.
Preloading 0 native plugins for Editor in 0.00 ms.
Unloading 3368 Unused Serialized files (Serialized files now loaded: 0)
System memory in use before: 207.9 MB.
System memory in use after: 208.1 MB.

Unloading 17 unused Assets to reduce memory usage. Loaded Objects now: 3853.
Total: 2.362916 ms (FindLiveObjects: 0.305053 ms CreateObjectMapping: 0.109626 ms MarkObjects: 1.873500 ms  DeleteObjects: 0.074077 ms)

========================================================================
Received Prepare
Registering precompiled user dll's ...
Registered in 0.001557 seconds.
Begin MonoManager ReloadAssembly
Native extension for OSXStandalone target not found
Refreshing native plugins compatible for Editor in 0.55 ms, found 2 plugins.
Preloading 0 native plugins for Editor in 0.00 ms.
Mono: successfully reloaded assembly
- Completed reload, in  0.959 seconds
Platform modules already initialized, skipping
Refreshing native plugins compatible for Editor in 0.47 ms, found 2 plugins.
Preloading 0 native plugins for Editor in 0.00 ms.
Unloading 3368 Unused Serialized files (Serialized files now loaded: 0)
System memory in use before: 208.2 MB.
System memory in use after: 208.3 MB.

Unloading 17 unused Assets to reduce memory usage. Loaded Objects now: 3857.
Total: 2.010175 ms (FindLiveObjects: 0.231236 ms CreateObjectMapping: 0.129377 ms MarkObjects: 1.570364 ms  DeleteObjects: 0.078523 ms)

========================================================================
Received Prepare
Registering precompiled user dll's ...
Registered in 0.001687 seconds.
Begin MonoManager ReloadAssembly
Native extension for OSXStandalone target not found
Refreshing native plugins compatible for Editor in 0.57 ms, found 2 plugins.
Preloading 0 native plugins for Editor in 0.00 ms.
Mono: successfully reloaded assembly
- Completed reload, in  1.006 seconds
Platform modules already initialized, skipping
Refreshing native plugins compatible for Editor in 0.46 ms, found 2 plugins.
Preloading 0 native plugins for Editor in 0.00 ms.
Unloading 3368 Unused Serialized files (Serialized files now loaded: 0)
System memory in use before: 208.4 MB.
System memory in use after: 208.5 MB.

Unloading 17 unused Assets to reduce memory usage. Loaded Objects now: 3861.
Total: 2.081740 ms (FindLiveObjects: 0.221914 ms CreateObjectMapping: 0.102814 ms MarkObjects: 1.685679 ms  DeleteObjects: 0.070706 ms)

========================================================================
Received Prepare
Registering precompiled user dll's ...
Registered in 0.002133 seconds.
Begin MonoManager ReloadAssembly
Native extension for OSXStandalone target not found
Refreshing native plugins compatible for Editor in 0.55 ms, found 2 plugins.
Preloading 0 native plugins for Editor in 0.00 ms.
Mono: successfully reloaded assembly
- Completed reload, in  0.988 seconds
Platform modules already initialized, skipping
Refreshing native plugins compatible for Editor in 0.59 ms, found 2 plugins.
Preloading 0 native plugins for Editor in 0.00 ms.
Unloading 3368 Unused Serialized files (Serialized files now loaded: 0)
System memory in use before: 208.6 MB.
System memory in use after: 208.7 MB.

Unloading 17 unused Assets to reduce memory usage. Loaded Objects now: 3865.
Total: 2.192290 ms (FindLiveObjects: 0.265730 ms CreateObjectMapping: 0.130918 ms MarkObjects: 1.695393 ms  DeleteObjects: 0.099152 ms)

========================================================================
Received Prepare
Registering precompiled user dll's ...
Registered in 0.001755 seconds.
Begin MonoManager ReloadAssembly
Native extension for OSXStandalone target not found
Refreshing native plugins compatible for Editor in 0.55 ms, found 2 plugins.
Preloading 0 native plugins for Editor in 0.00 ms.
Mono: successfully reloaded assembly
- Completed reload, in  0.978 seconds
Platform modules already initialized, skipping
Refreshing native plugins compatible for Editor in 0.47 ms, found 2 plugins.
Preloading 0 native plugins for Editor in 0.00 ms.
Unloading 3368 Unused Serialized files (Serialized files now loaded: 0)
System memory in use before: 208.8 MB.
System memory in use after: 208.9 MB.

Unloading 17 unused Assets to reduce memory usage. Loaded Objects now: 3869.
Total: 1.989970 ms (FindLiveObjects: 0.215912 ms CreateObjectMapping: 0.104023 ms MarkObjects: 1.592000 ms  DeleteObjects: 0.077390 ms)

========================================================================
Received Import Request.
  Time since last request: 288.125721 seconds.
  path: Assets/Prefabs/enemy (1).prefab
  artifactKey: Guid(e6c1703d17c7845ad9ae9996eb29acf4) Importer(815301076,1909f56bfc062723c751e8b465ee728b)
Start importing Assets/Prefabs/enemy (1).prefab using Guid(e6c1703d17c7845ad9ae9996eb29acf4) Importer(815301076,1909f56bfc062723c751e8b465ee728b)  -> (artifact id: '5ec47aca697ab2f8c472da10987fb96b') in 1.094157 seconds 
========================================================================
Received Prepare
Registering precompiled user dll's ...
Registered in 0.002805 seconds.
Begin MonoManager ReloadAssembly
Native extension for OSXStandalone target not found
Refreshing native plugins compatible for Editor in 0.55 ms, found 2 plugins.
Preloading 0 native plugins for Editor in 0.00 ms.
Mono: successfully reloaded assembly
- Completed reload, in  1.005 seconds
Platform modules already initialized, skipping
Refreshing native plugins compatible for Editor in 0.54 ms, found 2 plugins.
Preloading 0 native plugins for Editor in 0.00 ms.
Unloading 3368 Unused Serialized files (Serialized files now loaded: 0)
System memory in use before: 217.3 MB.
System memory in use after: 217.4 MB.

Unloading 17 unused Assets to reduce memory usage. Loaded Objects now: 3880.
Total: 2.093697 ms (FindLiveObjects: 0.246373 ms CreateObjectMapping: 0.125773 ms MarkObjects: 1.636113 ms  DeleteObjects: 0.084681 ms)

========================================================================
Received Prepare
Registering precompiled user dll's ...
Registered in 0.001628 seconds.
Begin MonoManager ReloadAssembly
Native extension for OSXStandalone target not found
Refreshing native plugins compatible for Editor in 0.55 ms, found 2 plugins.
Preloading 0 native plugins for Editor in 0.00 ms.
Mono: successfully reloaded assembly
- Completed reload, in  1.012 seconds
Platform modules already initialized, skipping
Refreshing native plugins compatible for Editor in 0.52 ms, found 2 plugins.
Preloading 0 native plugins for Editor in 0.00 ms.
Unloading 3368 Unused Serialized files (Serialized files now loaded: 0)
System memory in use before: 217.5 MB.
System memory in use after: 217.6 MB.

Unloading 17 unused Assets to reduce memory usage. Loaded Objects now: 3884.
Total: 2.057972 ms (FindLiveObjects: 0.247335 ms CreateObjectMapping: 0.114584 ms MarkObjects: 1.622458 ms  DeleteObjects: 0.072841 ms)

========================================================================
Received Import Request.
  Time since last request: 218.136021 seconds.
  path: Assets/Scripts/PlayerControl.cs
  artifactKey: Guid(c95efcb0836ec4ff3b9c41f9a0957f80) Importer(815301076,1909f56bfc062723c751e8b465ee728b)
Start importing Assets/Scripts/PlayerControl.cs using Guid(c95efcb0836ec4ff3b9c41f9a0957f80) Importer(815301076,1909f56bfc062723c751e8b465ee728b)  -> (artifact id: '491e5d107be1e9e0826f295b0bc9c402') in 0.006964 seconds 
========================================================================
Received Import Request.
  Time since last request: 3.409712 seconds.
  path: Assets/Scripts/EnemyMovement.cs
  artifactKey: Guid(48229b6b35fb844f18a0797f02df1392) Importer(815301076,1909f56bfc062723c751e8b465ee728b)
Start importing Assets/Scripts/EnemyMovement.cs using Guid(48229b6b35fb844f18a0797f02df1392) Importer(815301076,1909f56bfc062723c751e8b465ee728b)  -> (artifact id: '705a482a11aa173a4784c503203d1d92') in 0.004351 seconds 
========================================================================
Received Import Request.
  Time since last request: 35.896924 seconds.
  path: Assets/Scripts/EnemyMovement.cs
  artifactKey: Guid(48229b6b35fb844f18a0797f02df1392) Importer(815301076,1909f56bfc062723c751e8b465ee728b)
Start importing Assets/Scripts/EnemyMovement.cs using Guid(48229b6b35fb844f18a0797f02df1392) Importer(815301076,1909f56bfc062723c751e8b465ee728b)  -> (artifact id: 'be3d6f1ac5d4fa37536f81be9598a700') in 0.003102 seconds 
========================================================================
Received Prepare
Registering precompiled user dll's ...
Registered in 0.002834 seconds.
Begin MonoManager ReloadAssembly
Native extension for OSXStandalone target not found
Refreshing native plugins compatible for Editor in 0.55 ms, found 2 plugins.
Preloading 0 native plugins for Editor in 0.00 ms.
Mono: successfully reloaded assembly
- Completed reload, in  0.995 seconds
Platform modules already initialized, skipping
Refreshing native plugins compatible for Editor in 0.84 ms, found 2 plugins.
Preloading 0 native plugins for Editor in 0.00 ms.
Unloading 3368 Unused Serialized files (Serialized files now loaded: 0)
System memory in use before: 217.7 MB.
System memory in use after: 217.8 MB.

Unloading 17 unused Assets to reduce memory usage. Loaded Objects now: 3888.
Total: 2.272383 ms (FindLiveObjects: 0.277131 ms CreateObjectMapping: 0.127894 ms MarkObjects: 1.786755 ms  DeleteObjects: 0.079776 ms)

========================================================================
Received Prepare
Registering precompiled user dll's ...
Registered in 0.001652 seconds.
Begin MonoManager ReloadAssembly
Native extension for OSXStandalone target not found
Refreshing native plugins compatible for Editor in 0.56 ms, found 2 plugins.
Preloading 0 native plugins for Editor in 0.00 ms.
Mono: successfully reloaded assembly
- Completed reload, in  1.015 seconds
Platform modules already initialized, skipping
Refreshing native plugins compatible for Editor in 0.56 ms, found 2 plugins.
Preloading 0 native plugins for Editor in 0.00 ms.
Unloading 3368 Unused Serialized files (Serialized files now loaded: 0)
System memory in use before: 217.9 MB.
System memory in use after: 218.0 MB.

Unloading 17 unused Assets to reduce memory usage. Loaded Objects now: 3892.
Total: 2.136812 ms (FindLiveObjects: 0.245401 ms CreateObjectMapping: 0.127164 ms MarkObjects: 1.687423 ms  DeleteObjects: 0.076071 ms)

========================================================================
Received Import Request.
  Time since last request: 201.798271 seconds.
  path: Assets/Scripts/PlayerControl.cs
  artifactKey: Guid(c95efcb0836ec4ff3b9c41f9a0957f80) Importer(815301076,1909f56bfc062723c751e8b465ee728b)
Start importing Assets/Scripts/PlayerControl.cs using Guid(c95efcb0836ec4ff3b9c41f9a0957f80) Importer(815301076,1909f56bfc062723c751e8b465ee728b)  -> (artifact id: '31c94a82e5806cc06508d2a0ef30ebda') in 0.006533 seconds 
========================================================================
Received Prepare
Registering precompiled user dll's ...
Registered in 0.005215 seconds.
Begin MonoManager ReloadAssembly
Native extension for OSXStandalone target not found
Refreshing native plugins compatible for Editor in 0.58 ms, found 2 plugins.
Preloading 0 native plugins for Editor in 0.00 ms.
Mono: successfully reloaded assembly
- Completed reload, in  1.104 seconds
Platform modules already initialized, skipping
Refreshing native plugins compatible for Editor in 0.91 ms, found 2 plugins.
Preloading 0 native plugins for Editor in 0.00 ms.
Unloading 3368 Unused Serialized files (Serialized files now loaded: 0)
System memory in use before: 218.1 MB.
System memory in use after: 218.2 MB.

Unloading 17 unused Assets to reduce memory usage. Loaded Objects now: 3896.
Total: 2.122157 ms (FindLiveObjects: 0.246394 ms CreateObjectMapping: 0.115743 ms MarkObjects: 1.690703 ms  DeleteObjects: 0.068619 ms)

